{"message":"cannot find type `Token` in this scope","code":{"code":"E0412","explanation":"A used type name is not in scope.\n\nErroneous code examples:\n\n```compile_fail,E0412\nimpl Something {} // error: type name `Something` is not in scope\n\n// or:\n\ntrait Foo {\n    fn bar(N); // error: type name `N` is not in scope\n}\n\n// or:\n\nfn foo(x: T) {} // type name `T` is not in scope\n```\n\nTo fix this error, please verify you didn't misspell the type name, you did\ndeclare it or imported it into the scope. Examples:\n\n```\nstruct Something;\n\nimpl Something {} // ok!\n\n// or:\n\ntrait Foo {\n    type N;\n\n    fn bar(_: Self::N); // ok!\n}\n\n// or:\n\nfn foo<T>(x: T) {} // ok!\n```\n\nAnother case that causes this error is when a type is imported into a parent\nmodule. To fix this, you can follow the suggestion and use File directly or\n`use super::File;` which will import the types from the parent namespace. An\nexample that causes this error is below:\n\n```compile_fail,E0412\nuse std::fs::File;\n\nmod foo {\n    fn some_function(f: File) {}\n}\n```\n\n```\nuse std::fs::File;\n\nmod foo {\n    // either\n    use super::File;\n    // or\n    // use std::fs::File;\n    fn foo(f: File) {}\n}\n# fn main() {} // don't insert it for us; that'll break imports\n```\n"},"level":"error","spans":[{"file_name":"src/lib.rs","byte_start":44,"byte_end":49,"line_start":4,"line_end":4,"column_start":14,"column_end":19,"is_primary":true,"text":[{"text":"\t\t\t\t\t\tAssign(Token, Box<Expr>),","highlight_start":14,"highlight_end":19}],"label":"not found in this scope","suggested_replacement":null,"suggestion_applicability":null,"expansion":null}],"children":[],"rendered":"\u001b[0m\u001b[1m\u001b[38;5;9merror[E0412]\u001b[0m\u001b[0m\u001b[1m: cannot find type `Token` in this scope\u001b[0m\n\u001b[0m \u001b[0m\u001b[0m\u001b[1m\u001b[38;5;12m--> \u001b[0m\u001b[0msrc/lib.rs:4:14\u001b[0m\n\u001b[0m  \u001b[0m\u001b[0m\u001b[1m\u001b[38;5;12m|\u001b[0m\n\u001b[0m\u001b[1m\u001b[38;5;12m4\u001b[0m\u001b[0m \u001b[0m\u001b[0m\u001b[1m\u001b[38;5;12m|\u001b[0m\u001b[0m \u001b[0m\u001b[0m                        Assign(Token, Box<Expr>),\u001b[0m\n\u001b[0m  \u001b[0m\u001b[0m\u001b[1m\u001b[38;5;12m| \u001b[0m\u001b[0m                               \u001b[0m\u001b[0m\u001b[1m\u001b[38;5;9m^^^^^\u001b[0m\u001b[0m \u001b[0m\u001b[0m\u001b[1m\u001b[38;5;9mnot found in this scope\u001b[0m\n\n"}
{"message":"cannot find type `Token` in this scope","code":{"code":"E0412","explanation":"A used type name is not in scope.\n\nErroneous code examples:\n\n```compile_fail,E0412\nimpl Something {} // error: type name `Something` is not in scope\n\n// or:\n\ntrait Foo {\n    fn bar(N); // error: type name `N` is not in scope\n}\n\n// or:\n\nfn foo(x: T) {} // type name `T` is not in scope\n```\n\nTo fix this error, please verify you didn't misspell the type name, you did\ndeclare it or imported it into the scope. Examples:\n\n```\nstruct Something;\n\nimpl Something {} // ok!\n\n// or:\n\ntrait Foo {\n    type N;\n\n    fn bar(_: Self::N); // ok!\n}\n\n// or:\n\nfn foo<T>(x: T) {} // ok!\n```\n\nAnother case that causes this error is when a type is imported into a parent\nmodule. To fix this, you can follow the suggestion and use File directly or\n`use super::File;` which will import the types from the parent namespace. An\nexample that causes this error is below:\n\n```compile_fail,E0412\nuse std::fs::File;\n\nmod foo {\n    fn some_function(f: File) {}\n}\n```\n\n```\nuse std::fs::File;\n\nmod foo {\n    // either\n    use super::File;\n    // or\n    // use std::fs::File;\n    fn foo(f: File) {}\n}\n# fn main() {} // don't insert it for us; that'll break imports\n```\n"},"level":"error","spans":[{"file_name":"src/lib.rs","byte_start":87,"byte_end":92,"line_start":5,"line_end":5,"column_start":25,"column_end":30,"is_primary":true,"text":[{"text":"\t\t\t\t\t\tBinary(Box<Expr>, Token, Box<Expr>),","highlight_start":25,"highlight_end":30}],"label":"not found in this scope","suggested_replacement":null,"suggestion_applicability":null,"expansion":null}],"children":[],"rendered":"\u001b[0m\u001b[1m\u001b[38;5;9merror[E0412]\u001b[0m\u001b[0m\u001b[1m: cannot find type `Token` in this scope\u001b[0m\n\u001b[0m \u001b[0m\u001b[0m\u001b[1m\u001b[38;5;12m--> \u001b[0m\u001b[0msrc/lib.rs:5:25\u001b[0m\n\u001b[0m  \u001b[0m\u001b[0m\u001b[1m\u001b[38;5;12m|\u001b[0m\n\u001b[0m\u001b[1m\u001b[38;5;12m5\u001b[0m\u001b[0m \u001b[0m\u001b[0m\u001b[1m\u001b[38;5;12m|\u001b[0m\u001b[0m \u001b[0m\u001b[0m                        Binary(Box<Expr>, Token, Box<Expr>),\u001b[0m\n\u001b[0m  \u001b[0m\u001b[0m\u001b[1m\u001b[38;5;12m| \u001b[0m\u001b[0m                                          \u001b[0m\u001b[0m\u001b[1m\u001b[38;5;9m^^^^^\u001b[0m\u001b[0m \u001b[0m\u001b[0m\u001b[1m\u001b[38;5;9mnot found in this scope\u001b[0m\n\n"}
{"message":"cannot find type `Token` in this scope","code":{"code":"E0412","explanation":"A used type name is not in scope.\n\nErroneous code examples:\n\n```compile_fail,E0412\nimpl Something {} // error: type name `Something` is not in scope\n\n// or:\n\ntrait Foo {\n    fn bar(N); // error: type name `N` is not in scope\n}\n\n// or:\n\nfn foo(x: T) {} // type name `T` is not in scope\n```\n\nTo fix this error, please verify you didn't misspell the type name, you did\ndeclare it or imported it into the scope. Examples:\n\n```\nstruct Something;\n\nimpl Something {} // ok!\n\n// or:\n\ntrait Foo {\n    type N;\n\n    fn bar(_: Self::N); // ok!\n}\n\n// or:\n\nfn foo<T>(x: T) {} // ok!\n```\n\nAnother case that causes this error is when a type is imported into a parent\nmodule. To fix this, you can follow the suggestion and use File directly or\n`use super::File;` which will import the types from the parent namespace. An\nexample that causes this error is below:\n\n```compile_fail,E0412\nuse std::fs::File;\n\nmod foo {\n    fn some_function(f: File) {}\n}\n```\n\n```\nuse std::fs::File;\n\nmod foo {\n    // either\n    use super::File;\n    // or\n    // use std::fs::File;\n    fn foo(f: File) {}\n}\n# fn main() {} // don't insert it for us; that'll break imports\n```\n"},"level":"error","spans":[{"file_name":"src/lib.rs","byte_start":147,"byte_end":152,"line_start":7,"line_end":7,"column_start":15,"column_end":20,"is_primary":true,"text":[{"text":"\t\t\t\t\t\tLiteral(Token),","highlight_start":15,"highlight_end":20}],"label":"not found in this scope","suggested_replacement":null,"suggestion_applicability":null,"expansion":null}],"children":[],"rendered":"\u001b[0m\u001b[1m\u001b[38;5;9merror[E0412]\u001b[0m\u001b[0m\u001b[1m: cannot find type `Token` in this scope\u001b[0m\n\u001b[0m \u001b[0m\u001b[0m\u001b[1m\u001b[38;5;12m--> \u001b[0m\u001b[0msrc/lib.rs:7:15\u001b[0m\n\u001b[0m  \u001b[0m\u001b[0m\u001b[1m\u001b[38;5;12m|\u001b[0m\n\u001b[0m\u001b[1m\u001b[38;5;12m7\u001b[0m\u001b[0m \u001b[0m\u001b[0m\u001b[1m\u001b[38;5;12m|\u001b[0m\u001b[0m \u001b[0m\u001b[0m                        Literal(Token),\u001b[0m\n\u001b[0m  \u001b[0m\u001b[0m\u001b[1m\u001b[38;5;12m| \u001b[0m\u001b[0m                                \u001b[0m\u001b[0m\u001b[1m\u001b[38;5;9m^^^^^\u001b[0m\u001b[0m \u001b[0m\u001b[0m\u001b[1m\u001b[38;5;9mnot found in this scope\u001b[0m\n\n"}
{"message":"cannot find type `Token` in this scope","code":{"code":"E0412","explanation":"A used type name is not in scope.\n\nErroneous code examples:\n\n```compile_fail,E0412\nimpl Something {} // error: type name `Something` is not in scope\n\n// or:\n\ntrait Foo {\n    fn bar(N); // error: type name `N` is not in scope\n}\n\n// or:\n\nfn foo(x: T) {} // type name `T` is not in scope\n```\n\nTo fix this error, please verify you didn't misspell the type name, you did\ndeclare it or imported it into the scope. Examples:\n\n```\nstruct Something;\n\nimpl Something {} // ok!\n\n// or:\n\ntrait Foo {\n    type N;\n\n    fn bar(_: Self::N); // ok!\n}\n\n// or:\n\nfn foo<T>(x: T) {} // ok!\n```\n\nAnother case that causes this error is when a type is imported into a parent\nmodule. To fix this, you can follow the suggestion and use File directly or\n`use super::File;` which will import the types from the parent namespace. An\nexample that causes this error is below:\n\n```compile_fail,E0412\nuse std::fs::File;\n\nmod foo {\n    fn some_function(f: File) {}\n}\n```\n\n```\nuse std::fs::File;\n\nmod foo {\n    // either\n    use super::File;\n    // or\n    // use std::fs::File;\n    fn foo(f: File) {}\n}\n# fn main() {} // don't insert it for us; that'll break imports\n```\n"},"level":"error","spans":[{"file_name":"src/lib.rs","byte_start":180,"byte_end":185,"line_start":8,"line_end":8,"column_start":26,"column_end":31,"is_primary":true,"text":[{"text":"\t\t\t\t\t\tLogical(Box<Expr>, Token, Box<Expr>),","highlight_start":26,"highlight_end":31}],"label":"not found in this scope","suggested_replacement":null,"suggestion_applicability":null,"expansion":null}],"children":[],"rendered":"\u001b[0m\u001b[1m\u001b[38;5;9merror[E0412]\u001b[0m\u001b[0m\u001b[1m: cannot find type `Token` in this scope\u001b[0m\n\u001b[0m \u001b[0m\u001b[0m\u001b[1m\u001b[38;5;12m--> \u001b[0m\u001b[0msrc/lib.rs:8:26\u001b[0m\n\u001b[0m  \u001b[0m\u001b[0m\u001b[1m\u001b[38;5;12m|\u001b[0m\n\u001b[0m\u001b[1m\u001b[38;5;12m8\u001b[0m\u001b[0m \u001b[0m\u001b[0m\u001b[1m\u001b[38;5;12m|\u001b[0m\u001b[0m \u001b[0m\u001b[0m                        Logical(Box<Expr>, Token, Box<Expr>),\u001b[0m\n\u001b[0m  \u001b[0m\u001b[0m\u001b[1m\u001b[38;5;12m| \u001b[0m\u001b[0m                                           \u001b[0m\u001b[0m\u001b[1m\u001b[38;5;9m^^^^^\u001b[0m\u001b[0m \u001b[0m\u001b[0m\u001b[1m\u001b[38;5;9mnot found in this scope\u001b[0m\n\n"}
{"message":"cannot find type `Token` in this scope","code":{"code":"E0412","explanation":"A used type name is not in scope.\n\nErroneous code examples:\n\n```compile_fail,E0412\nimpl Something {} // error: type name `Something` is not in scope\n\n// or:\n\ntrait Foo {\n    fn bar(N); // error: type name `N` is not in scope\n}\n\n// or:\n\nfn foo(x: T) {} // type name `T` is not in scope\n```\n\nTo fix this error, please verify you didn't misspell the type name, you did\ndeclare it or imported it into the scope. Examples:\n\n```\nstruct Something;\n\nimpl Something {} // ok!\n\n// or:\n\ntrait Foo {\n    type N;\n\n    fn bar(_: Self::N); // ok!\n}\n\n// or:\n\nfn foo<T>(x: T) {} // ok!\n```\n\nAnother case that causes this error is when a type is imported into a parent\nmodule. To fix this, you can follow the suggestion and use File directly or\n`use super::File;` which will import the types from the parent namespace. An\nexample that causes this error is below:\n\n```compile_fail,E0412\nuse std::fs::File;\n\nmod foo {\n    fn some_function(f: File) {}\n}\n```\n\n```\nuse std::fs::File;\n\nmod foo {\n    // either\n    use super::File;\n    // or\n    // use std::fs::File;\n    fn foo(f: File) {}\n}\n# fn main() {} // don't insert it for us; that'll break imports\n```\n"},"level":"error","spans":[{"file_name":"src/lib.rs","byte_start":211,"byte_end":216,"line_start":9,"line_end":9,"column_start":13,"column_end":18,"is_primary":true,"text":[{"text":"\t\t\t\t\t\tUnary(Token, Box<Expr>),","highlight_start":13,"highlight_end":18}],"label":"not found in this scope","suggested_replacement":null,"suggestion_applicability":null,"expansion":null}],"children":[],"rendered":"\u001b[0m\u001b[1m\u001b[38;5;9merror[E0412]\u001b[0m\u001b[0m\u001b[1m: cannot find type `Token` in this scope\u001b[0m\n\u001b[0m \u001b[0m\u001b[0m\u001b[1m\u001b[38;5;12m--> \u001b[0m\u001b[0msrc/lib.rs:9:13\u001b[0m\n\u001b[0m  \u001b[0m\u001b[0m\u001b[1m\u001b[38;5;12m|\u001b[0m\n\u001b[0m\u001b[1m\u001b[38;5;12m9\u001b[0m\u001b[0m \u001b[0m\u001b[0m\u001b[1m\u001b[38;5;12m|\u001b[0m\u001b[0m \u001b[0m\u001b[0m                        Unary(Token, Box<Expr>),\u001b[0m\n\u001b[0m  \u001b[0m\u001b[0m\u001b[1m\u001b[38;5;12m| \u001b[0m\u001b[0m                              \u001b[0m\u001b[0m\u001b[1m\u001b[38;5;9m^^^^^\u001b[0m\u001b[0m \u001b[0m\u001b[0m\u001b[1m\u001b[38;5;9mnot found in this scope\u001b[0m\n\n"}
{"message":"cannot find type `Token` in this scope","code":{"code":"E0412","explanation":"A used type name is not in scope.\n\nErroneous code examples:\n\n```compile_fail,E0412\nimpl Something {} // error: type name `Something` is not in scope\n\n// or:\n\ntrait Foo {\n    fn bar(N); // error: type name `N` is not in scope\n}\n\n// or:\n\nfn foo(x: T) {} // type name `T` is not in scope\n```\n\nTo fix this error, please verify you didn't misspell the type name, you did\ndeclare it or imported it into the scope. Examples:\n\n```\nstruct Something;\n\nimpl Something {} // ok!\n\n// or:\n\ntrait Foo {\n    type N;\n\n    fn bar(_: Self::N); // ok!\n}\n\n// or:\n\nfn foo<T>(x: T) {} // ok!\n```\n\nAnother case that causes this error is when a type is imported into a parent\nmodule. To fix this, you can follow the suggestion and use File directly or\n`use super::File;` which will import the types from the parent namespace. An\nexample that causes this error is below:\n\n```compile_fail,E0412\nuse std::fs::File;\n\nmod foo {\n    fn some_function(f: File) {}\n}\n```\n\n```\nuse std::fs::File;\n\nmod foo {\n    // either\n    use super::File;\n    // or\n    // use std::fs::File;\n    fn foo(f: File) {}\n}\n# fn main() {} // don't insert it for us; that'll break imports\n```\n"},"level":"error","spans":[{"file_name":"src/lib.rs","byte_start":247,"byte_end":252,"line_start":10,"line_end":10,"column_start":18,"column_end":23,"is_primary":true,"text":[{"text":"\t\t\t\t\t\tIdentifier(Token),","highlight_start":18,"highlight_end":23}],"label":"not found in this scope","suggested_replacement":null,"suggestion_applicability":null,"expansion":null}],"children":[],"rendered":"\u001b[0m\u001b[1m\u001b[38;5;9merror[E0412]\u001b[0m\u001b[0m\u001b[1m: cannot find type `Token` in this scope\u001b[0m\n\u001b[0m  \u001b[0m\u001b[0m\u001b[1m\u001b[38;5;12m--> \u001b[0m\u001b[0msrc/lib.rs:10:18\u001b[0m\n\u001b[0m   \u001b[0m\u001b[0m\u001b[1m\u001b[38;5;12m|\u001b[0m\n\u001b[0m\u001b[1m\u001b[38;5;12m10\u001b[0m\u001b[0m \u001b[0m\u001b[0m\u001b[1m\u001b[38;5;12m|\u001b[0m\u001b[0m \u001b[0m\u001b[0m                        Identifier(Token),\u001b[0m\n\u001b[0m   \u001b[0m\u001b[0m\u001b[1m\u001b[38;5;12m| \u001b[0m\u001b[0m                                   \u001b[0m\u001b[0m\u001b[1m\u001b[38;5;9m^^^^^\u001b[0m\u001b[0m \u001b[0m\u001b[0m\u001b[1m\u001b[38;5;9mnot found in this scope\u001b[0m\n\n"}
{"message":"cannot find type `Token` in this scope","code":{"code":"E0412","explanation":"A used type name is not in scope.\n\nErroneous code examples:\n\n```compile_fail,E0412\nimpl Something {} // error: type name `Something` is not in scope\n\n// or:\n\ntrait Foo {\n    fn bar(N); // error: type name `N` is not in scope\n}\n\n// or:\n\nfn foo(x: T) {} // type name `T` is not in scope\n```\n\nTo fix this error, please verify you didn't misspell the type name, you did\ndeclare it or imported it into the scope. Examples:\n\n```\nstruct Something;\n\nimpl Something {} // ok!\n\n// or:\n\ntrait Foo {\n    type N;\n\n    fn bar(_: Self::N); // ok!\n}\n\n// or:\n\nfn foo<T>(x: T) {} // ok!\n```\n\nAnother case that causes this error is when a type is imported into a parent\nmodule. To fix this, you can follow the suggestion and use File directly or\n`use super::File;` which will import the types from the parent namespace. An\nexample that causes this error is below:\n\n```compile_fail,E0412\nuse std::fs::File;\n\nmod foo {\n    fn some_function(f: File) {}\n}\n```\n\n```\nuse std::fs::File;\n\nmod foo {\n    // either\n    use super::File;\n    // or\n    // use std::fs::File;\n    fn foo(f: File) {}\n}\n# fn main() {} // don't insert it for us; that'll break imports\n```\n"},"level":"error","spans":[{"file_name":"src/lib.rs","byte_start":314,"byte_end":319,"line_start":16,"line_end":16,"column_start":10,"column_end":15,"is_primary":true,"text":[{"text":"\t\t\t\t\t\tIf(Token, Expr, Box<Stmt>, Option<Box<Stmt>>),","highlight_start":10,"highlight_end":15}],"label":"not found in this scope","suggested_replacement":null,"suggestion_applicability":null,"expansion":null}],"children":[],"rendered":"\u001b[0m\u001b[1m\u001b[38;5;9merror[E0412]\u001b[0m\u001b[0m\u001b[1m: cannot find type `Token` in this scope\u001b[0m\n\u001b[0m  \u001b[0m\u001b[0m\u001b[1m\u001b[38;5;12m--> \u001b[0m\u001b[0msrc/lib.rs:16:10\u001b[0m\n\u001b[0m   \u001b[0m\u001b[0m\u001b[1m\u001b[38;5;12m|\u001b[0m\n\u001b[0m\u001b[1m\u001b[38;5;12m16\u001b[0m\u001b[0m \u001b[0m\u001b[0m\u001b[1m\u001b[38;5;12m|\u001b[0m\u001b[0m \u001b[0m\u001b[0m                        If(Token, Expr, Box<Stmt>, Option<Box<Stmt>>),\u001b[0m\n\u001b[0m   \u001b[0m\u001b[0m\u001b[1m\u001b[38;5;12m| \u001b[0m\u001b[0m                           \u001b[0m\u001b[0m\u001b[1m\u001b[38;5;9m^^^^^\u001b[0m\u001b[0m \u001b[0m\u001b[0m\u001b[1m\u001b[38;5;9mnot found in this scope\u001b[0m\n\n"}
{"message":"cannot find type `Token` in this scope","code":{"code":"E0412","explanation":"A used type name is not in scope.\n\nErroneous code examples:\n\n```compile_fail,E0412\nimpl Something {} // error: type name `Something` is not in scope\n\n// or:\n\ntrait Foo {\n    fn bar(N); // error: type name `N` is not in scope\n}\n\n// or:\n\nfn foo(x: T) {} // type name `T` is not in scope\n```\n\nTo fix this error, please verify you didn't misspell the type name, you did\ndeclare it or imported it into the scope. Examples:\n\n```\nstruct Something;\n\nimpl Something {} // ok!\n\n// or:\n\ntrait Foo {\n    type N;\n\n    fn bar(_: Self::N); // ok!\n}\n\n// or:\n\nfn foo<T>(x: T) {} // ok!\n```\n\nAnother case that causes this error is when a type is imported into a parent\nmodule. To fix this, you can follow the suggestion and use File directly or\n`use super::File;` which will import the types from the parent namespace. An\nexample that causes this error is below:\n\n```compile_fail,E0412\nuse std::fs::File;\n\nmod foo {\n    fn some_function(f: File) {}\n}\n```\n\n```\nuse std::fs::File;\n\nmod foo {\n    // either\n    use super::File;\n    // or\n    // use std::fs::File;\n    fn foo(f: File) {}\n}\n# fn main() {} // don't insert it for us; that'll break imports\n```\n"},"level":"error","spans":[{"file_name":"src/lib.rs","byte_start":445,"byte_end":450,"line_start":23,"line_end":23,"column_start":19,"column_end":24,"is_primary":true,"text":[{"text":"\t\t\t\t\t\tDeclaration(Token, Option<Expr>),","highlight_start":19,"highlight_end":24}],"label":"not found in this scope","suggested_replacement":null,"suggestion_applicability":null,"expansion":null}],"children":[],"rendered":"\u001b[0m\u001b[1m\u001b[38;5;9merror[E0412]\u001b[0m\u001b[0m\u001b[1m: cannot find type `Token` in this scope\u001b[0m\n\u001b[0m  \u001b[0m\u001b[0m\u001b[1m\u001b[38;5;12m--> \u001b[0m\u001b[0msrc/lib.rs:23:19\u001b[0m\n\u001b[0m   \u001b[0m\u001b[0m\u001b[1m\u001b[38;5;12m|\u001b[0m\n\u001b[0m\u001b[1m\u001b[38;5;12m23\u001b[0m\u001b[0m \u001b[0m\u001b[0m\u001b[1m\u001b[38;5;12m|\u001b[0m\u001b[0m \u001b[0m\u001b[0m                        Declaration(Token, Option<Expr>),\u001b[0m\n\u001b[0m   \u001b[0m\u001b[0m\u001b[1m\u001b[38;5;12m| \u001b[0m\u001b[0m                                    \u001b[0m\u001b[0m\u001b[1m\u001b[38;5;9m^^^^^\u001b[0m\u001b[0m \u001b[0m\u001b[0m\u001b[1m\u001b[38;5;9mnot found in this scope\u001b[0m\n\n"}
{"message":"aborting due to 8 previous errors","code":null,"level":"error","spans":[],"children":[],"rendered":"\u001b[0m\u001b[1m\u001b[38;5;9merror\u001b[0m\u001b[0m\u001b[1m: aborting due to 8 previous errors\u001b[0m\n\n"}
{"message":"For more information about this error, try `rustc --explain E0412`.","code":null,"level":"failure-note","spans":[],"children":[],"rendered":"\u001b[0m\u001b[1mFor more information about this error, try `rustc --explain E0412`.\u001b[0m\n"}
